[2022-05-27 17:52:23,764]: Length of x_train: 174111
[2022-05-27 17:52:23,764]: Length of y_train: 174111
[2022-05-27 17:52:23,764]: Length of x_test:  58038
[2022-05-27 17:52:23,764]: Length of y_test:  58038
[2022-05-27 18:45:16,132]: Length of x_train: 174111
[2022-05-27 18:45:16,132]: Length of y_train: 174111
[2022-05-27 18:45:16,132]: Length of x_test:  58038
[2022-05-27 18:45:16,132]: Length of y_test:  58038
[2022-05-28 00:30:31,362]: [0 0 1 ... 2 0 0]
[2022-05-28 00:43:53,793]: 0.8206002963575588
[2022-05-28 00:43:53,862]: [[31686   365    86     8     8     0     0     1     1]
 [ 4391  6415   389    14    10     0     0     3     0]
 [  363   942  7921   253    24    11     1     6     1]
 [    6    45  1344   949   141     9     2    17     2]
 [    1     3   179  1027   403    87     2    17     1]
 [    0     1    60    83   476   252     4    11     3]
 [    0     0     3     0     2     5     0     0     0]
 [    0     0     2     0     0     2     0     0     0]
 [    0     0     0     0     0     0     0     0     0]]
[2022-05-28 00:43:53,985]:               precision    recall  f1-score   support

           0       0.87      0.99      0.92     32155
           1       0.83      0.57      0.68     11222
           2       0.79      0.83      0.81      9522
           3       0.41      0.38      0.39      2515
           4       0.38      0.23      0.29      1720
           5       0.69      0.28      0.40       890
           6       0.00      0.00      0.00        10
           7       0.00      0.00      0.00         4
           8       0.00      0.00      0.00         0

    accuracy                           0.82     58038
   macro avg       0.44      0.36      0.39     58038
weighted avg       0.81      0.82      0.81     58038

[2022-05-27 17:52:23,764]: Length of x_train: 174111
[2022-05-27 17:52:23,764]: Length of y_train: 174111
[2022-05-27 17:52:23,764]: Length of x_test:  58038
[2022-05-27 17:52:23,764]: Length of y_test:  58038
[2022-05-27 18:45:16,132]: Length of x_train: 174111
[2022-05-27 18:45:16,132]: Length of y_train: 174111
[2022-05-27 18:45:16,132]: Length of x_test:  58038
[2022-05-27 18:45:16,132]: Length of y_test:  58038
[2022-05-27 19:29:49,563]: Length of x_train: 174111
[2022-05-27 19:29:49,563]: Length of y_train: 174111
[2022-05-27 19:29:49,563]: Length of x_test:  58038
[2022-05-27 19:29:49,563]: Length of y_test:  58038
[2022-05-27 19:29:50,303]: [0 0 0 ... 2 0 0]
[2022-05-27 19:29:50,857]: score: 0.659654019780144
[2022-05-27 19:29:50,865]: [[31868   202    84    15     4     2     0    26     5]
 [ 9397  1404   237    26     2     4     1    42     9]
 [ 1717  3314  3892   350    30    13     2   143     9]
 [   10    66  1285   931    41    11     1   145     8]
 [    1     5   157  1123   123    40     6   357    29]
 [    2     0     5   123   142    63    18   498    34]
 [    0     0     0     0     0     0     1     6     2]
 [    0     0     0     0     0     0     2     3     2]
 [    0     0     0     0     0     0     0     0     0]]
[2022-05-27 19:29:50,927]:               precision    recall  f1-score   support

           0       0.74      0.99      0.85     32206
           1       0.28      0.13      0.17     11122
           2       0.69      0.41      0.51      9470
           3       0.36      0.37      0.37      2498
           4       0.36      0.07      0.11      1841
           5       0.47      0.07      0.12       885
           6       0.03      0.11      0.05         9
           7       0.00      0.43      0.00         7
           8       0.00      0.00      0.00         0

    accuracy                           0.66     58038
   macro avg       0.33      0.29      0.24     58038
weighted avg       0.61      0.66      0.61     58038

[2022-05-27 21:44:51,315]: [0 1 0 ... 3 1 0]
[2022-05-27 21:52:42,829]: score: 0.878200489334574
[2022-05-27 21:52:42,836]: [[31614   547    43     0     1     1     0     0]
 [ 2638  7995   488     0     1     0     0     0]
 [   30   456  8402   566    13     3     0     0]
 [   11     0   831  1043   593    20     0     0]
 [    1     0    11   329  1142   357     1     0]
 [    2     0     1     0   109   773     0     0]
 [    0     0     0     0     0     9     0     0]
 [    0     0     0     0     0     7     0     0]]
[2022-05-27 21:52:42,890]:               precision    recall  f1-score   support

           0       0.92      0.98      0.95     32206
           1       0.89      0.72      0.79     11122
           2       0.86      0.89      0.87      9470
           3       0.54      0.42      0.47      2498
           4       0.61      0.62      0.62      1841
           5       0.66      0.87      0.75       885
           6       0.00      0.00      0.00         9
           7       0.00      0.00      0.00         7

    accuracy                           0.88     58038
   macro avg       0.56      0.56      0.56     58038
weighted avg       0.87      0.88      0.87     58038

[2022-05-27 21:53:15,141]: [0 1 0 ... 1 1 0]
[2022-05-27 21:53:16,873]: score: 0.8174816499534787
[2022-05-27 21:53:16,892]: [[30577  1378   250     0     1     0     0     0]
 [ 2362  7982   774     0     4     0     0     0]
 [  394   844  8209     0    23     0     0     0]
 [   56    47  2210     4   177     4     0     0]
 [   18    17  1226     0   527    53     0     0]
 [    8     5   420     0   306   146     0     0]
 [    0     0     5     0     2     2     0     0]
 [    0     1     1     0     0     5     0     0]]
[2022-05-27 21:53:16,986]:               precision    recall  f1-score   support

           0       0.92      0.95      0.93     32206
           1       0.78      0.72      0.75     11122
           2       0.63      0.87      0.73      9470
           3       1.00      0.00      0.00      2498
           4       0.51      0.29      0.37      1841
           5       0.70      0.16      0.27       885
           6       0.00      0.00      0.00         9
           7       0.00      0.00      0.00         7

    accuracy                           0.82     58038
   macro avg       0.57      0.37      0.38     58038
weighted avg       0.83      0.82      0.79     58038


[2022-05-28 02:22:29,069]: Length of x_train: 174111
[2022-05-28 02:22:29,069]: Length of y_train: 174111
[2022-05-28 02:22:29,070]: Length of x_test:  58038
[2022-05-28 02:22:29,070]: Length of y_test:  58038
[2022-05-28 02:22:29,209]: [0 0 0 ... 0 1 1]
[2022-05-28 02:22:29,241]: score: 0.407595023949826
[2022-05-28 02:22:29,359]: [[12304 18503   697    35   104    19     2   654    17]
 [  577  7826  1147   456   430    46    13   648    10]
 [   85  2363  2229  2183  2039    84    40   391    34]
 [   10   299   459   732   776    31    37    60    82]
 [    6   110   237   553   505    41    77    48   182]
 [    7    53    77   194   222    56    58    30   143]
 [    0     4     1     0     1     0     2     2     2]
 [    0     1     0     0     0     0     0     2     1]
 [    0     0     0     0     0     0     1     0     0]]
[2022-05-28 02:22:29,523]:               precision    recall  f1-score   support

           0       0.95      0.38      0.54     32335
           1       0.27      0.70      0.39     11153
           2       0.46      0.24      0.31      9448
           3       0.18      0.29      0.22      2486
           4       0.12      0.29      0.17      1759
           5       0.20      0.07      0.10       840
           6       0.01      0.17      0.02        12
           7       0.00      0.50      0.00         4
           8       0.00      0.00      0.00         1

    accuracy                           0.41     58038
   macro avg       0.24      0.29      0.20     58038
weighted avg       0.67      0.41      0.44     58038

[2022-05-28 02:22:29,655]: Length of x_train: 174111
[2022-05-28 02:22:29,655]: Length of y_train: 174111
[2022-05-28 02:22:29,655]: Length of x_test:  58038
[2022-05-28 02:22:29,656]: Length of y_test:  58038
[2022-05-28 02:22:29,807]: [1 4 2 ... 0 3 1]
[2022-05-28 02:22:29,878]: score: 0.4137289362142045
[2022-05-28 02:22:29,965]: [[12554 18173   928    70    98    17     6   435    15]
 [  562  7682  1267   447   394    39    16   561     5]
 [  113  2316  2486  2285  1861   112    41   396    30]
 [   11   270   469   786   686    47    38    65    83]
 [    3   130   254   600   457    61    56    44   178]
 [    5    55   104   195   232    46    46    24   171]
 [    0     4     0     0     2     0     1     1     4]
 [    0     0     0     0     0     0     1     0     0]
 [    0     0     0     0     0     0     0     0     0]]
[2022-05-28 02:22:30,117]:               precision    recall  f1-score   support

           0       0.95      0.39      0.55     32296
           1       0.27      0.70      0.39     10973
           2       0.45      0.26      0.33      9640
           3       0.18      0.32      0.23      2455
           4       0.12      0.26      0.17      1783
           5       0.14      0.05      0.08       878
           6       0.00      0.08      0.01        12
           7       0.00      0.00      0.00         1
           8       0.00      0.00      0.00         0

    accuracy                           0.41     58038
   macro avg       0.24      0.23      0.19     58038
weighted avg       0.67      0.41      0.45     58038

[2022-05-28 02:22:30,236]: Length of x_train: 174111
[2022-05-28 02:22:30,237]: Length of y_train: 174111
[2022-05-28 02:22:30,237]: Length of x_test:  58038
[2022-05-28 02:22:30,237]: Length of y_test:  58038
[2022-05-28 02:22:30,401]: [1 1 1 ... 0 1 0]
[2022-05-28 02:22:30,436]: score: 0.4076639443123471
[2022-05-28 02:22:30,546]: [[12361 18205   884   176   120    15     6   383    17]
 [  565  7684  1237   474   451    54     9   566     7]
 [  102  2360  2261  2396  2005    94    40   364    34]
 [   12   268   385   794   739    53    44    67    83]
 [    3   136   251   567   495    64    66    49   199]
 [    4    44    88   213   225    61    45    33   167]
 [    0     1     0     0     1     1     2     3     2]
 [    0     0     0     0     0     0     0     1     1]
 [    0     0     0     0     0     0     0     0     1]]
[2022-05-28 02:22:30,706]:               precision    recall  f1-score   support

           0       0.95      0.38      0.55     32167
           1       0.27      0.70      0.39     11047
           2       0.44      0.23      0.31      9656
           3       0.17      0.32      0.22      2445
           4       0.12      0.27      0.17      1830
           5       0.18      0.07      0.10       880
           6       0.01      0.20      0.02        10
           7       0.00      0.50      0.00         2
           8       0.00      1.00      0.00         1

    accuracy                           0.41     58038
   macro avg       0.24      0.41      0.20     58038
weighted avg       0.66      0.41      0.44     58038

[2022-05-28 02:22:30,834]: Length of x_train: 174111
[2022-05-28 02:22:30,834]: Length of y_train: 174111
[2022-05-28 02:22:30,834]: Length of x_test:  58038
[2022-05-28 02:22:30,834]: Length of y_test:  58038
[2022-05-28 02:22:30,987]: [1 0 1 ... 1 1 1]
[2022-05-28 02:22:31,023]: score: 0.40969709500671975
[2022-05-28 02:22:31,118]: [[12375 18368   877   175   108    17     4   348     9]
 [  578  7771  1236   455   383    42     6   522    10]
 [   89  2345  2232  2361  1967    95    37   381    35]
 [    7   311   451   831   744    49    28    68    85]
 [    3   115   261   526   498    63    43    34   193]
 [    4    63    84   237   214    65    43    23   151]
 [    0     1     0     2     0     1     4     3     3]
 [    0     0     0     0     0     0     0     2     2]
 [    0     0     0     0     0     0     0     0     0]]
[2022-05-28 02:22:31,270]:               precision    recall  f1-score   support

           0       0.95      0.38      0.55     32281
           1       0.27      0.71      0.39     11003
           2       0.43      0.23      0.30      9542
           3       0.18      0.32      0.23      2574
           4       0.13      0.29      0.18      1736
           5       0.20      0.07      0.11       884
           6       0.02      0.29      0.04        14
           7       0.00      0.50      0.00         4
           8       0.00      0.00      0.00         0

    accuracy                           0.41     58038
   macro avg       0.24      0.31      0.20     58038
weighted avg       0.66      0.41      0.44     58038

[2022-05-28 02:22:31,387]: Length of x_train: 174111
[2022-05-28 02:22:31,387]: Length of y_train: 174111
[2022-05-28 02:22:31,388]: Length of x_test:  58038
[2022-05-28 02:22:31,388]: Length of y_test:  58038
[2022-05-28 02:22:31,542]: [3 1 3 ... 4 1 0]
[2022-05-28 02:22:31,577]: score: 0.4116613253385713
[2022-05-28 02:22:31,689]: [[12505 18269   903   165   114    16     6   329    17]
 [  545  7717  1195   483   457    37     7   568     7]
 [   93  2339  2264  2405  1904   105    33   378    34]
 [    9   305   457   846   649    56    28    66    97]
 [    0   140   235   541   490    58    50    40   194]
 [    7    46    77   232   220    65    38    27   152]
 [    0     4     1     1     0     0     3     1     4]
 [    0     0     0     0     0     1     0     2     1]
 [    0     0     0     0     0     0     0     0     0]]
[2022-05-28 02:22:31,841]:               precision    recall  f1-score   support

           0       0.95      0.39      0.55     32324
           1       0.27      0.70      0.39     11016
           2       0.44      0.24      0.31      9555
           3       0.18      0.34      0.24      2513
           4       0.13      0.28      0.18      1748
           5       0.19      0.08      0.11       864
           6       0.02      0.21      0.03        14
           7       0.00      0.50      0.00         4
           8       0.00      0.00      0.00         0

    accuracy                           0.41     58038
   macro avg       0.24      0.30      0.20     58038
weighted avg       0.67      0.41      0.45     58038

[2022-05-28 02:22:31,968]: Length of x_train: 174111
[2022-05-28 02:22:31,968]: Length of y_train: 174111
[2022-05-28 02:22:31,969]: Length of x_test:  58038
[2022-05-28 02:22:31,969]: Length of y_test:  58038
[2022-05-28 02:22:32,123]: [0 1 1 ... 1 1 1]
[2022-05-28 02:22:32,153]: score: 0.4105413694476033
[2022-05-28 02:22:32,262]: [[12358 18403   918   210   101    18     2   262    18]
 [  572  7787  1231   477   432    38     5   524     9]
 [   91  2280  2319  2280  1946   117    37   360    39]
 [   10   258   454   808   732    51    29    74    89]
 [    3   136   269   589   493    64    51    37   184]
 [    2    51    96   197   227    58    34    24   169]
 [    0     1     0     0     1     3     1     1     2]
 [    0     0     0     0     1     1     0     3     1]
 [    0     0     0     0     0     0     0     0     0]]
[2022-05-28 02:22:32,405]:               precision    recall  f1-score   support

           0       0.95      0.38      0.55     32290
           1       0.27      0.70      0.39     11075
           2       0.44      0.24      0.31      9469
           3       0.18      0.32      0.23      2505
           4       0.13      0.27      0.17      1826
           5       0.17      0.07      0.10       858
           6       0.01      0.11      0.01         9
           7       0.00      0.50      0.00         6
           8       0.00      0.00      0.00         0

    accuracy                           0.41     58038
   macro avg       0.24      0.29      0.20     58038
weighted avg       0.66      0.41      0.45     58038

[2022-05-28 02:22:32,518]: Length of x_train: 174111
[2022-05-28 02:22:32,518]: Length of y_train: 174111
[2022-05-28 02:22:32,519]: Length of x_test:  58038
[2022-05-28 02:22:32,519]: Length of y_test:  58038
[2022-05-28 02:22:32,667]: [0 1 1 ... 0 1 1]
[2022-05-28 02:22:32,701]: score: 0.41331541403907784
[2022-05-28 02:22:32,808]: [[12363 18306   938   197    89    27     6   274    15]
 [  525  7867  1230   460   416    42     5   536    14]
 [  115  2348  2356  2227  1944   127    28   376    29]
 [   16   294   435   812   748    45    28    58    80]
 [    2   123   255   515   519    77    62    44   176]
 [    2    57    87   193   225    67    43    19   179]
 [    0     3     1     0     0     2     2     2     3]
 [    0     0     0     0     0     0     0     2     1]
 [    0     0     0     0     0     0     1     0     0]]
[2022-05-28 02:22:32,961]:               precision    recall  f1-score   support

           0       0.95      0.38      0.55     32215
           1       0.27      0.71      0.39     11095
           2       0.44      0.25      0.32      9550
           3       0.18      0.32      0.23      2516
           4       0.13      0.29      0.18      1773
           5       0.17      0.08      0.11       872
           6       0.01      0.15      0.02        13
           7       0.00      0.67      0.00         3
           8       0.00      0.00      0.00         1

    accuracy                           0.41     58038
   macro avg       0.24      0.32      0.20     58038
weighted avg       0.67      0.41      0.45     58038

[2022-05-28 02:22:33,088]: Length of x_train: 174111
[2022-05-28 02:22:33,088]: Length of y_train: 174111
[2022-05-28 02:22:33,089]: Length of x_test:  58038
[2022-05-28 02:22:33,089]: Length of y_test:  58038
[2022-05-28 02:22:33,231]: [1 1 1 ... 1 1 4]
[2022-05-28 02:22:33,257]: score: 0.41100658189462075
[2022-05-28 02:22:33,351]: [[12357 18356   961   181   115     8     4   252    17]
 [  555  7727  1261   435   447    45    12   500    16]
 [   99  2380  2385  2171  1958   103    45   354    37]
 [    7   254   467   800   756    66    39    63    99]
 [    4   145   269   511   513    64    52    47   187]
 [    7    48    97   217   228    65    40    18   172]
 [    0     2     1     0     3     0     3     1     4]
 [    0     0     0     0     1     1     0     4     1]
 [    0     0     0     0     0     0     1     0     0]]
[2022-05-28 02:22:33,516]:               precision    recall  f1-score   support

           0       0.95      0.38      0.55     32251
           1       0.27      0.70      0.39     10998
           2       0.44      0.25      0.32      9532
           3       0.19      0.31      0.23      2551
           4       0.13      0.29      0.18      1792
           5       0.18      0.07      0.10       892
           6       0.02      0.21      0.03        14
           7       0.00      0.57      0.01         7
           8       0.00      0.00      0.00         1

    accuracy                           0.41     58038
   macro avg       0.24      0.31      0.20     58038
weighted avg       0.66      0.41      0.45     58038

[2022-05-28 02:22:33,628]: Length of x_train: 174111
[2022-05-28 02:22:33,628]: Length of y_train: 174111
[2022-05-28 02:22:33,628]: Length of x_test:  58038
[2022-05-28 02:22:33,628]: Length of y_test:  58038
[2022-05-28 02:22:33,768]: [1 0 0 ... 1 1 3]
[2022-05-28 02:22:33,799]: score: 0.41374616630483474
[2022-05-28 02:22:33,905]: [[12530 18123   922   177   124    12     2   306    22]
 [  598  7743  1216   441   442    43    11   549     9]
 [  102  2377  2374  2171  2018   105    30   356    37]
 [   10   307   443   750   725    49    33    74    75]
 [    5   151   243   557   538    58    42    38   172]
 [    7    62    93   202   222    74    40    20   191]
 [    0     2     0     0     2     2     2     1     5]
 [    0     0     0     0     0     0     0     2     1]
 [    0     0     0     0     0     0     0     0     0]]
[2022-05-28 02:22:34,059]:               precision    recall  f1-score   support

           0       0.95      0.39      0.55     32218
           1       0.27      0.70      0.39     11052
           2       0.45      0.25      0.32      9570
           3       0.17      0.30      0.22      2466
           4       0.13      0.30      0.18      1804
           5       0.22      0.08      0.12       911
           6       0.01      0.14      0.02        14
           7       0.00      0.67      0.00         3
           8       0.00      0.00      0.00         0

    accuracy                           0.41     58038
   macro avg       0.24      0.31      0.20     58038
weighted avg       0.67      0.41      0.45     58038

[2022-05-28 02:22:34,169]: Length of x_train: 174111
[2022-05-28 02:22:34,169]: Length of y_train: 174111
[2022-05-28 02:22:34,170]: Length of x_test:  58038
[2022-05-28 02:22:34,170]: Length of y_test:  58038
[2022-05-28 02:22:34,308]: [0 0 1 ... 3 3 1]
[2022-05-28 02:22:34,346]: score: 0.413074192770254
[2022-05-28 02:22:34,463]: [[12334 18261   973   205   111    22     3   276    17]
 [  561  7866  1224   434   415    49     9   527    12]
 [   96  2371  2421  2162  1962   116    40   330    30]
 [   11   295   446   781   712    61    32    56    89]
 [    4   120   293   540   505    64    48    52   182]
 [    3    61    93   220   220    59    50    28   166]
 [    0     4     0     1     1     1     4     1     3]
 [    0     0     0     0     0     0     0     4     0]
 [    0     0     0     0     0     0     1     0     0]]
[2022-05-28 02:22:34,608]:               precision    recall  f1-score   support

           0       0.95      0.38      0.55     32202
           1       0.27      0.71      0.39     11097
           2       0.44      0.25      0.32      9528
           3       0.18      0.31      0.23      2483
           4       0.13      0.28      0.18      1808
           5       0.16      0.07      0.09       900
           6       0.02      0.27      0.04        15
           7       0.00      1.00      0.01         4
           8       0.00      0.00      0.00         1

    accuracy                           0.41     58038
   macro avg       0.24      0.36      0.20     58038
weighted avg       0.67      0.41      0.45     58038

[2022-05-28 02:22:34,623]: ==============================MNB==============================
[2022-05-28 02:22:34,746]: Length of x_train: 174111
[2022-05-28 02:22:34,746]: Length of y_train: 174111
[2022-05-28 02:22:34,746]: Length of x_test:  58038
[2022-05-28 02:22:34,746]: Length of y_test:  58038
[2022-05-28 02:22:35,255]: [0 3 2 ... 0 1 2]
[2022-05-28 02:22:35,393]: score: 0.5629587511630311
[2022-05-28 02:22:35,481]: [[21733  8938   441     2    11     3   898     8     6]
 [ 4563  3833  2184    24    16     4   581     1     0]
 [ 1117  1043  6537   358   151    31   370     4     0]
 [  115   121  1670   255   155    42   115     1     0]
 [   54    71  1045   211   227    89   112     1     0]
 [   22    24   387   109   168    80    82     4     0]
 [    0     1     1     1     2     5     6     0     0]
 [    0     1     0     0     0     0     1     2     0]
 [    0     0     0     0     0     0     1     0     0]]
[2022-05-28 02:22:35,636]:               precision    recall  f1-score   support

           0       0.79      0.68      0.73     32040
           1       0.27      0.34      0.30     11206
           2       0.53      0.68      0.60      9611
           3       0.27      0.10      0.15      2474
           4       0.31      0.13      0.18      1810
           5       0.31      0.09      0.14       876
           6       0.00      0.38      0.01        16
           7       0.10      0.50      0.16         4
           8       0.00      0.00      0.00         1

    accuracy                           0.56     58038
   macro avg       0.29      0.32      0.25     58038
weighted avg       0.60      0.56      0.57     58038

[2022-05-28 02:22:35,753]: Length of x_train: 174111
[2022-05-28 02:22:35,753]: Length of y_train: 174111
[2022-05-28 02:22:35,754]: Length of x_test:  58038
[2022-05-28 02:22:35,754]: Length of y_test:  58038
[2022-05-28 02:22:36,238]: [0 2 2 ... 0 0 0]
[2022-05-28 02:22:36,377]: score: 0.5612357421000035
[2022-05-28 02:22:36,484]: [[21574  9002   425     1    14     4  1085     3     6]
 [ 4295  3811  2177    22    11     3   610     3     0]
 [ 1173  1060  6573   374   152    10   390     5     1]
 [   90   115  1699   238   193    36   145     1     0]
 [   49    47  1072   183   292    59   141     2     1]
 [   14    23   374    96   184    80    93     7     0]
 [    0     1     1     2     3     3     4     0     0]
 [    0     0     0     0     1     0     3     0     0]
 [    0     0     0     0     0     0     1     0     1]]
[2022-05-28 02:22:36,635]:               precision    recall  f1-score   support

           0       0.79      0.67      0.73     32114
           1       0.27      0.35      0.30     10932
           2       0.53      0.67      0.60      9738
           3       0.26      0.09      0.14      2517
           4       0.34      0.16      0.22      1846
           5       0.41      0.09      0.15       871
           6       0.00      0.29      0.00        14
           7       0.00      0.00      0.00         4
           8       0.11      0.50      0.18         2

    accuracy                           0.56     58038
   macro avg       0.30      0.31      0.26     58038
weighted avg       0.61      0.56      0.58     58038

[2022-05-28 02:22:36,747]: Length of x_train: 174111
[2022-05-28 02:22:36,747]: Length of y_train: 174111
[2022-05-28 02:22:36,748]: Length of x_test:  58038
[2022-05-28 02:22:36,748]: Length of y_test:  58038
[2022-05-28 02:22:37,225]: [1 0 0 ... 0 0 2]
[2022-05-28 02:22:37,357]: score: 0.5658361762982873
[2022-05-28 02:22:37,458]: [[21848  8712   457     1    11     5   981    20     9]
 [ 4494  3913  2129    25    14     3   609     8     4]
 [ 1194  1029  6496   366   137    19   372     9     4]
 [  100   107  1693   255   158    24   135    10     5]
 [   55    61   983   224   249    66   120    10     2]
 [   27    26   382    93   183    75    90    12    11]
 [    1     0     2     0     1     0     4     0     0]
 [    0     1     0     0     1     2     0     0     1]
 [    0     0     0     0     0     0     0     0     0]]
[2022-05-28 02:22:37,602]:               precision    recall  f1-score   support

           0       0.79      0.68      0.73     32044
           1       0.28      0.35      0.31     11199
           2       0.54      0.67      0.60      9626
           3       0.26      0.10      0.15      2487
           4       0.33      0.14      0.20      1770
           5       0.39      0.08      0.14       899
           6       0.00      0.50      0.00         8
           7       0.00      0.00      0.00         5
           8       0.00      0.00      0.00         0

    accuracy                           0.57     58038
   macro avg       0.29      0.28      0.24     58038
weighted avg       0.61      0.57      0.58     58038

[2022-05-28 02:22:37,782]: Length of x_train: 174111
[2022-05-28 02:22:37,783]: Length of y_train: 174111
[2022-05-28 02:22:37,783]: Length of x_test:  58038
[2022-05-28 02:22:37,783]: Length of y_test:  58038
[2022-05-28 02:22:38,280]: [1 0 1 ... 2 1 2]
[2022-05-28 02:22:38,434]: score: 0.5653709638512698
[2022-05-28 02:22:38,526]: [[21886  8934   447     0    11     3   958    26    10]
 [ 4387  3905  2214    25    13     0   574    10     5]
 [ 1097  1006  6437   447   102    11   361    20    12]
 [  102   111  1671   290   149    23   117     8     4]
 [   63    56  1025   255   221    53   101     9    10]
 [   20    16   384   106   154    68    73    17    16]
 [    0     0     2     0     1     2     4     0     1]
 [    0     0     0     0     0     2     0     1     1]
 [    0     0     0     0     0     0     0     0     1]]
[2022-05-28 02:22:38,676]:               precision    recall  f1-score   support

           0       0.79      0.68      0.73     32275
           1       0.28      0.35      0.31     11133
           2       0.53      0.68      0.59      9493
           3       0.26      0.12      0.16      2475
           4       0.34      0.12      0.18      1793
           5       0.42      0.08      0.13       854
           6       0.00      0.40      0.00        10
           7       0.01      0.25      0.02         4
           8       0.02      1.00      0.03         1

    accuracy                           0.57     58038
   macro avg       0.29      0.41      0.24     58038
weighted avg       0.61      0.57      0.58     58038

[2022-05-28 02:22:38,790]: Length of x_train: 174111
[2022-05-28 02:22:38,790]: Length of y_train: 174111
[2022-05-28 02:22:38,791]: Length of x_test:  58038
[2022-05-28 02:22:38,791]: Length of y_test:  58038
[2022-05-28 02:22:39,263]: [0 2 0 ... 0 2 1]
[2022-05-28 02:22:39,396]: score: 0.5640787070539991
[2022-05-28 02:22:39,490]: [[21901  8880   459     1     6     3   975    22     9]
 [ 4310  3775  2137    18    12     0   623    13     3]
 [ 1119  1069  6467   411   117    10   375    19    11]
 [  107   135  1717   281   156    19   131     8     4]
 [   63    55  1024   236   231    49   126    15    14]
 [   12    16   377   101   195    77    86    13    22]
 [    1     1     2     0     3     4     4     0     0]
 [    0     1     0     0     0     3     1     1     1]
 [    0     0     0     0     0     0     0     0     1]]
[2022-05-28 02:22:39,636]:               precision    recall  f1-score   support

           0       0.80      0.68      0.73     32256
           1       0.27      0.35      0.30     10891
           2       0.53      0.67      0.59      9598
           3       0.27      0.11      0.16      2558
           4       0.32      0.13      0.18      1813
           5       0.47      0.09      0.14       899
           6       0.00      0.27      0.00        15
           7       0.01      0.14      0.02         7
           8       0.02      1.00      0.03         1

    accuracy                           0.56     58038
   macro avg       0.30      0.38      0.24     58038
weighted avg       0.61      0.56      0.58     58038

[2022-05-28 02:22:39,748]: Length of x_train: 174111
[2022-05-28 02:22:39,748]: Length of y_train: 174111
[2022-05-28 02:22:39,748]: Length of x_test:  58038
[2022-05-28 02:22:39,748]: Length of y_test:  58038
[2022-05-28 02:22:40,217]: [2 0 1 ... 0 0 1]
[2022-05-28 02:22:40,365]: score: 0.5620972466315173
[2022-05-28 02:22:40,465]: [[21666  8939   448     0    13     4   940    62    10]
 [ 4476  3943  2087    24    17     3   567    32     6]
 [ 1137  1078  6406   418   108     6   354    33    13]
 [  118   120  1680   291   160    10   129    11    14]
 [   49    54  1011   246   258    32   104    21    14]
 [   18    17   377   124   209    54    72    19    18]
 [    1     1     1     0     5     0     3     0     1]
 [    1     0     0     0     1     2     0     0     0]
 [    0     0     0     0     0     0     0     0     2]]
[2022-05-28 02:22:40,611]:               precision    recall  f1-score   support

           0       0.79      0.68      0.73     32082
           1       0.28      0.35      0.31     11155
           2       0.53      0.67      0.59      9553
           3       0.26      0.11      0.16      2533
           4       0.33      0.14      0.20      1789
           5       0.49      0.06      0.11       908
           6       0.00      0.25      0.00        12
           7       0.00      0.00      0.00         4
           8       0.03      1.00      0.05         2

    accuracy                           0.56     58038
   macro avg       0.30      0.36      0.24     58038
weighted avg       0.61      0.56      0.57     58038

[2022-05-28 02:22:40,722]: Length of x_train: 174111
[2022-05-28 02:22:40,722]: Length of y_train: 174111
[2022-05-28 02:22:40,722]: Length of x_test:  58038
[2022-05-28 02:22:40,723]: Length of y_test:  58038
[2022-05-28 02:22:41,216]: [1 0 2 ... 1 1 2]
[2022-05-28 02:22:41,348]: score: 0.5653537337606396
[2022-05-28 02:22:41,444]: [[21922  8889   416     5    12     3   907    51    13]
 [ 4394  3813  2174    18    14     2   575    35     3]
 [ 1130  1047  6471   431   110     9   367    37    11]
 [  124   125  1712   307   153    20   125    21     8]
 [   43    48   957   251   232    52    91    16    10]
 [   15    22   362   116   192    61    66    12    16]
 [    1     1     1     1     3     5     6     0     1]
 [    0     0     0     0     2     1     0     0     0]
 [    0     0     0     0     0     0     0     0     0]]
[2022-05-28 02:22:41,593]:               precision    recall  f1-score   support

           0       0.79      0.68      0.73     32218
           1       0.27      0.35      0.31     11028
           2       0.54      0.67      0.60      9613
           3       0.27      0.12      0.16      2595
           4       0.32      0.14      0.19      1700
           5       0.40      0.07      0.12       862
           6       0.00      0.32      0.01        19
           7       0.00      0.00      0.00         3
           8       0.00      0.00      0.00         0

    accuracy                           0.57     58038
   macro avg       0.29      0.26      0.24     58038
weighted avg       0.61      0.57      0.58     58038

[2022-05-28 02:22:41,706]: Length of x_train: 174111
[2022-05-28 02:22:41,706]: Length of y_train: 174111
[2022-05-28 02:22:41,707]: Length of x_test:  58038
[2022-05-28 02:22:41,707]: Length of y_test:  58038
[2022-05-28 02:22:42,202]: [2 0 0 ... 4 0 0]
[2022-05-28 02:22:42,337]: score: 0.5620627864502568
[2022-05-28 02:22:42,423]: [[21727  8979   426     2    18     3   950    60     6]
 [ 4399  3863  2149    18    20     3   572    38     2]
 [ 1128  1060  6421   427   100    13   357    39    13]
 [  108   121  1725   289   134    22   115    22    12]
 [   52    54   988   264   237    55   123    16    16]
 [   18    16   383    97   182    77    66    16    16]
 [    1     0     1     0     4     2     3     1     1]
 [    0     1     0     0     0     3     0     3     0]
 [    0     0     0     0     0     0     0     0     1]]
[2022-05-28 02:22:42,584]:               precision    recall  f1-score   support

           0       0.79      0.68      0.73     32171
           1       0.27      0.35      0.31     11064
           2       0.53      0.67      0.59      9558
           3       0.26      0.11      0.16      2548
           4       0.34      0.13      0.19      1805
           5       0.43      0.09      0.15       871
           6       0.00      0.23      0.00        13
           7       0.02      0.43      0.03         7
           8       0.01      1.00      0.03         1

    accuracy                           0.56     58038
   macro avg       0.30      0.41      0.24     58038
weighted avg       0.61      0.56      0.58     58038

[2022-05-28 02:22:42,695]: Length of x_train: 174111
[2022-05-28 02:22:42,695]: Length of y_train: 174111
[2022-05-28 02:22:42,695]: Length of x_test:  58038
[2022-05-28 02:22:42,695]: Length of y_test:  58038
[2022-05-28 02:22:43,173]: [3 2 2 ... 0 2 1]
[2022-05-28 02:22:43,311]: score: 0.5633722733381578
[2022-05-28 02:22:43,398]: [[21910  8940   420     1    13     3   914    53     8]
 [ 4497  3799  2065    29    14     1   594    39     4]
 [ 1138  1011  6402   448   117     8   374    31    16]
 [  116   115  1676   282   141    15   121    14     5]
 [   56    53  1010   249   227    47    96    20    16]
 [   13    21   381   118   210    70    72    16    12]
 [    0     1     1     0     2     1     3     0     1]
 [    0     1     0     0     1     1     0     3     1]
 [    0     0     0     0     0     0     0     0     1]]
[2022-05-28 02:22:43,538]:               precision    recall  f1-score   support

           0       0.79      0.68      0.73     32262
           1       0.27      0.34      0.30     11042
           2       0.54      0.67      0.60      9545
           3       0.25      0.11      0.16      2485
           4       0.31      0.13      0.18      1774
           5       0.48      0.08      0.13       913
           6       0.00      0.33      0.00         9
           7       0.02      0.43      0.03         7
           8       0.02      1.00      0.03         1

    accuracy                           0.56     58038
   macro avg       0.30      0.42      0.24     58038
weighted avg       0.61      0.56      0.58     58038

[2022-05-28 02:22:43,648]: Length of x_train: 174111
[2022-05-28 02:22:43,648]: Length of y_train: 174111
[2022-05-28 02:22:43,648]: Length of x_test:  58038
[2022-05-28 02:22:43,649]: Length of y_test:  58038
[2022-05-28 02:22:44,120]: [1 2 1 ... 0 0 1]
[2022-05-28 02:22:44,253]: score: 0.563389503428788
[2022-05-28 02:22:44,341]: [[21889  8860   442     1    10     2   927    76     7]
 [ 4466  3845  2091    28    23     1   601    44     3]
 [ 1110  1052  6373   428   109    11   383    45    10]
 [   99   134  1715   291   123    21   123    15    16]
 [   70    65   951   274   222    56   105    17    11]
 [   17    24   356   115   187    68    70    17    17]
 [    1     1     0     1     3     3     7     0     0]
 [    0     0     0     0     1     2     0     0     0]
 [    0     0     0     0     0     0     0     0     3]]
[2022-05-28 02:22:44,494]:               precision    recall  f1-score   support

           0       0.79      0.68      0.73     32214
           1       0.28      0.35      0.31     11102
           2       0.53      0.67      0.59      9521
           3       0.26      0.11      0.16      2537
           4       0.33      0.13      0.18      1771
           5       0.41      0.08      0.13       871
           6       0.00      0.44      0.01        16
           7       0.00      0.00      0.00         3
           8       0.04      1.00      0.09         3

    accuracy                           0.56     58038
   macro avg       0.29      0.38      0.24     58038
weighted avg       0.61      0.56      0.58     58038

[2022-05-28 02:22:44,510]: ==============================BNB==============================
[2022-05-28 02:22:44,620]: Length of x_train: 174111
[2022-05-28 02:22:44,620]: Length of y_train: 174111
[2022-05-28 02:22:44,621]: Length of x_test:  58038
[2022-05-28 02:22:44,621]: Length of y_test:  58038
[2022-05-28 02:22:45,383]: [2 2 2 ... 0 2 2]
[2022-05-28 02:22:45,412]: score: 0.2578310761914608
[2022-05-28 02:22:45,500]: [[ 7423    18 23899   799     1   145     5    17]
 [   31     5 10211   337     4   508     4     0]
 [   10     0  7011   181     1  2345     2     0]
 [    3     0  1456    58     3   898     0     1]
 [    1     0   891    57     1   806     2     1]
 [    1     0   397    27     0   465     0     2]
 [    0     0     2     1     0     5     0     0]
 [    0     0     1     0     0     1     0     1]]
[2022-05-28 02:22:45,647]:               precision    recall  f1-score   support

           0       0.99      0.23      0.37     32307
           1       0.22      0.00      0.00     11100
           2       0.16      0.73      0.26      9550
           3       0.04      0.02      0.03      2419
           4       0.10      0.00      0.00      1759
           5       0.09      0.52      0.15       892
           6       0.00      0.00      0.00         8
           7       0.05      0.33      0.08         3

    accuracy                           0.26     58038
   macro avg       0.21      0.23      0.11     58038
weighted avg       0.63      0.26      0.25     58038

[2022-05-28 02:22:45,759]: Length of x_train: 174111
[2022-05-28 02:22:45,760]: Length of y_train: 174111
[2022-05-28 02:22:45,760]: Length of x_test:  58038
[2022-05-28 02:22:45,760]: Length of y_test:  58038
[2022-05-28 02:22:46,531]: [0 2 2 ... 2 2 5]
[2022-05-28 02:22:46,561]: score: 0.22905682483889866
[2022-05-28 02:22:46,658]: [[ 7732  3138 19286   328     2  1765     2     0     1]
 [   48  1433  7474   987     0  1122     2     0     1]
 [   11  2265  2347  4131     1   721     1     0    12]
 [    2   475   256  1483     0   228     0     1    11]
 [    4   329   117  1054     0   332     0     1     8]
 [    2   118    38   449     0   299     0     0     4]
 [    0     1     2     2     0     7     0     0     0]
 [    1     0     1     1     0     2     0     0     0]
 [    0     0     0     0     0     0     0     0     0]]
[2022-05-28 02:22:46,813]:               precision    recall  f1-score   support

           0       0.99      0.24      0.39     32254
           1       0.18      0.13      0.15     11067
           2       0.08      0.25      0.12      9489
           3       0.18      0.60      0.27      2456
           4       0.00      0.00      0.00      1845
           5       0.07      0.33      0.11       910
           6       0.00      0.00      0.00        12
           7       0.00      0.00      0.00         5
           8       0.00      0.00      0.00         0

    accuracy                           0.23     58038
   macro avg       0.17      0.17      0.12     58038
weighted avg       0.61      0.23      0.28     58038

[2022-05-28 02:22:46,925]: Length of x_train: 174111
[2022-05-28 02:22:46,925]: Length of y_train: 174111
[2022-05-28 02:22:46,925]: Length of x_test:  58038
[2022-05-28 02:22:46,925]: Length of y_test:  58038
[2022-05-28 02:22:47,736]: [1 1 0 ... 1 1 1]
[2022-05-28 02:22:47,767]: score: 0.3182914642131018
[2022-05-28 02:22:47,872]: [[ 9074 14032  2969     8  6164     3     6     6]
 [  127  6149  2562    14  2192     3     8     3]
 [   51  5667  3198    12   620    22     4     3]
 [   55  1729   664     7    63    17     1     1]
 [   83  1206   385     2    33    23     2     3]
 [   45   637   136     1    12    12     1     4]
 [    1    10     2     0     0     1     0     0]
 [    1     4     0     0     0     0     0     0]]
[2022-05-28 02:22:48,017]:               precision    recall  f1-score   support

           0       0.96      0.28      0.44     32262
           1       0.21      0.56      0.30     11058
           2       0.32      0.33      0.33      9577
           3       0.16      0.00      0.01      2537
           4       0.00      0.02      0.01      1737
           5       0.15      0.01      0.03       848
           6       0.00      0.00      0.00        14
           7       0.00      0.00      0.00         5

    accuracy                           0.32     58038
   macro avg       0.23      0.15      0.14     58038
weighted avg       0.64      0.32      0.35     58038

[2022-05-28 02:22:48,128]: Length of x_train: 174111
[2022-05-28 02:22:48,129]: Length of y_train: 174111
[2022-05-28 02:22:48,129]: Length of x_test:  58038
[2022-05-28 02:22:48,129]: Length of y_test:  58038
[2022-05-28 02:22:48,898]: [1 0 1 ... 3 2 1]
[2022-05-28 02:22:48,931]: score: 0.3540783624521865
[2022-05-28 02:22:49,035]: [[ 8711 12376  1604  8513   925     0     3     0     0]
 [   10  4272  2910  3366   580     0     1     0     0]
 [    6  1107  7381   860   280     0     1     0     0]
 [    3   116  2205    87    86     0     0     0     0]
 [    1    46  1529    66    99     0     0     2     0]
 [    1    26   762    37    53     0     0     4     0]
 [    0     1     3     0     1     0     0     0     0]
 [    0     0     3     0     0     0     0     0     0]
 [    0     0     1     0     0     0     0     0     0]]
[2022-05-28 02:22:49,185]:               precision    recall  f1-score   support

           0       1.00      0.27      0.43     32132
           1       0.24      0.38      0.29     11139
           2       0.45      0.77      0.57      9635
           3       0.01      0.03      0.01      2497
           4       0.05      0.06      0.05      1743
           5       0.00      0.00      0.00       883
           6       0.00      0.00      0.00         5
           7       0.00      0.00      0.00         3
           8       0.00      0.00      0.00         1

    accuracy                           0.35     58038
   macro avg       0.19      0.17      0.15     58038
weighted avg       0.67      0.35      0.39     58038

[2022-05-28 02:22:49,300]: Length of x_train: 174111
[2022-05-28 02:22:49,300]: Length of y_train: 174111
[2022-05-28 02:22:49,300]: Length of x_test:  58038
[2022-05-28 02:22:49,301]: Length of y_test:  58038
[2022-05-28 02:22:50,062]: [2 5 0 ... 2 0 2]
[2022-05-28 02:22:50,096]: score: 0.29773596609118164
[2022-05-28 02:22:50,186]: [[ 9589  6250 14139     1   398  1844     0     0     0]
 [  104  1967  6658     1  1136  1162     1     0     0]
 [   59   751  4914     0  3189   673     0     0     0]
 [   53    81  1256     0   986   146     0     1     0]
 [   80    21   829     0   743   138     0     3     0]
 [   37     5   343     0   398    67     0     2     0]
 [    0     0     1     0     3     2     0     0     0]
 [    0     1     1     0     3     0     0     0     0]
 [    0     0     0     0     2     0     0     0     0]]
[2022-05-28 02:22:50,327]:               precision    recall  f1-score   support

           0       0.97      0.30      0.46     32221
           1       0.22      0.18      0.20     11029
           2       0.17      0.51      0.26      9586
           3       0.00      0.00      0.00      2523
           4       0.11      0.41      0.17      1814
           5       0.02      0.08      0.03       852
           6       0.00      0.00      0.00         6
           7       0.00      0.00      0.00         5
           8       0.00      0.00      0.00         2

    accuracy                           0.30     58038
   macro avg       0.16      0.16      0.12     58038
weighted avg       0.61      0.30      0.34     58038

[2022-05-28 02:22:50,441]: Length of x_train: 174111
[2022-05-28 02:22:50,442]: Length of y_train: 174111
[2022-05-28 02:22:50,442]: Length of x_test:  58038
[2022-05-28 02:22:50,442]: Length of y_test:  58038
[2022-05-28 02:22:51,201]: [2 2 2 ... 2 2 0]
[2022-05-28 02:22:51,231]: score: 0.24192770253971535
[2022-05-28 02:22:51,319]: [[ 9275  2297 19979    86     8   563     5     0     0]
 [   40   498  8717    77    31  1720     1     0     0]
 [    5    92  3562    99    57  5715     0     1     0]
 [    1    11   585    15    21  1940     2     2     0]
 [    0     7   343     9    23  1368     0     2     0]
 [    1     3   164     7    18   668     0     5     0]
 [    0     0     2     0     1     5     0     1     0]
 [    0     0     1     0     0     3     0     0     0]
 [    0     0     0     0     0     2     0     0     0]]
[2022-05-28 02:22:51,471]:               precision    recall  f1-score   support

           0       0.99      0.29      0.45     32213
           1       0.17      0.04      0.07     11084
           2       0.11      0.37      0.17      9531
           3       0.05      0.01      0.01      2577
           4       0.14      0.01      0.02      1752
           5       0.06      0.77      0.10       866
           6       0.00      0.00      0.00         9
           7       0.00      0.00      0.00         4
           8       0.00      0.00      0.00         2

    accuracy                           0.24     58038
   macro avg       0.17      0.17      0.09     58038
weighted avg       0.61      0.24      0.29     58038

[2022-05-28 02:22:51,583]: Length of x_train: 174111
[2022-05-28 02:22:51,584]: Length of y_train: 174111
[2022-05-28 02:22:51,584]: Length of x_test:  58038
[2022-05-28 02:22:51,584]: Length of y_test:  58038
[2022-05-28 02:22:52,349]: [0 1 2 ... 0 5 2]
[2022-05-28 02:22:52,383]: score: 0.2860195044625935
[2022-05-28 02:22:52,476]: [[ 6658 15695  6330    71     0  3079   321     7     0]
 [    2  5002  4052   732     0  1379    22     6     0]
 [    0  1437  3778  3085     0  1189    14     5     0]
 [    1   261   840  1096     0   337     3     3     0]
 [    0   234   540   763     0   178     1     3     0]
 [    0   145   266   421     0    66     0     0     0]
 [    0     5     3     3     0     0     0     0     0]
 [    0     1     1     2     0     0     0     0     0]
 [    0     1     0     0     0     0     0     0     0]]
[2022-05-28 02:22:52,629]:               precision    recall  f1-score   support

           0       1.00      0.21      0.34     32161
           1       0.22      0.45      0.29     11195
           2       0.24      0.40      0.30      9508
           3       0.18      0.43      0.25      2541
           4       0.00      0.00      0.00      1719
           5       0.01      0.07      0.02       898
           6       0.00      0.00      0.00        11
           7       0.00      0.00      0.00         4
           8       0.00      0.00      0.00         1

    accuracy                           0.29     58038
   macro avg       0.18      0.17      0.13     58038
weighted avg       0.64      0.29      0.31     58038

[2022-05-28 02:22:52,743]: Length of x_train: 174111
[2022-05-28 02:22:52,744]: Length of y_train: 174111
[2022-05-28 02:22:52,744]: Length of x_test:  58038
[2022-05-28 02:22:52,744]: Length of y_test:  58038
[2022-05-28 02:22:53,511]: [0 3 1 ... 0 3 3]
[2022-05-28 02:22:53,544]: score: 0.2430821186119439
[2022-05-28 02:22:53,627]: [[11176  2710     9  9164  1449   168  7258     6     0]
 [  592  1859    16  5163   824   688  2014     8     0]
 [  664  2317     0  2352   443  3424   499     4     0]
 [  192   470     0   405    91  1356    59     2     0]
 [  106   266     0   223    77  1053    25     1     0]
 [   48   109     0    84    39   591    12     0     0]
 [    0     0     0     1     2    11     0     0     0]
 [    0     0     0     0     1     4     0     0     0]
 [    0     0     0     1     0     2     0     0     0]]
[2022-05-28 02:22:53,770]:               precision    recall  f1-score   support

           0       0.87      0.35      0.50     31940
           1       0.24      0.17      0.20     11164
           2       0.00      0.00      0.00      9703
           3       0.02      0.16      0.04      2575
           4       0.03      0.04      0.03      1751
           5       0.08      0.67      0.14       883
           6       0.00      0.00      0.00        14
           7       0.00      0.00      0.00         5
           8       0.00      0.00      0.00         3

    accuracy                           0.24     58038
   macro avg       0.14      0.15      0.10     58038
weighted avg       0.53      0.24      0.32     58038

[2022-05-28 02:22:53,885]: Length of x_train: 174111
[2022-05-28 02:22:53,885]: Length of y_train: 174111
[2022-05-28 02:22:53,885]: Length of x_test:  58038
[2022-05-28 02:22:53,885]: Length of y_test:  58038
[2022-05-28 02:22:54,647]: [2 5 0 ... 2 5 4]
[2022-05-28 02:22:54,683]: score: 0.35700747785933357
[2022-05-28 02:22:54,770]: [[13331     9 15587  1964   169  1287     3     2     0]
 [  645    78  8182   855   489   793     3     3     0]
 [  118    28  6745   767  1526   325    16     7     0]
 [   22    10  1864   123   373   152    17     2     0]
 [   19     5  1172    30   253   209    11     2     0]
 [   12     4   457     8   142   190     8     1     0]
 [    0     0     9     0     5     2     0     0     0]
 [    0     0     0     0     1     2     0     0     0]
 [    0     0     0     0     0     1     0     0     0]]
[2022-05-28 02:22:54,922]:               precision    recall  f1-score   support

           0       0.94      0.41      0.57     32352
           1       0.58      0.01      0.01     11048
           2       0.20      0.71      0.31      9532
           3       0.03      0.05      0.04      2563
           4       0.09      0.15      0.11      1701
           5       0.06      0.23      0.10       822
           6       0.00      0.00      0.00        16
           7       0.00      0.00      0.00         3
           8       0.00      0.00      0.00         1

    accuracy                           0.36     58038
   macro avg       0.21      0.17      0.13     58038
weighted avg       0.67      0.36      0.38     58038

[2022-05-28 02:22:55,043]: Length of x_train: 174111
[2022-05-28 02:22:55,043]: Length of y_train: 174111
[2022-05-28 02:22:55,043]: Length of x_test:  58038
[2022-05-28 02:22:55,044]: Length of y_test:  58038
[2022-05-28 02:22:55,868]: [2 2 2 ... 0 2 0]
[2022-05-28 02:22:55,902]: score: 0.31680967641889796
[2022-05-28 02:22:56,016]: [[10900     0 18212   246     0  1717  1175     6]
 [  541     1  9219   163     0  1123   140     6]
 [ 1597     0  7182    64     0   650    31     4]
 [  527     0  1711    12     0   252     6     2]
 [  312     0  1036    10     0   300     2     2]
 [  111     0   448    17     0   292     2     0]
 [    2     0     2     1     0     9     0     0]
 [    0     0     1     0     0     4     0     0]]
[2022-05-28 02:22:56,157]:               precision    recall  f1-score   support

           0       0.78      0.34      0.47     32256
           1       1.00      0.00      0.00     11193
           2       0.19      0.75      0.30      9528
           3       0.02      0.00      0.01      2510
           4       0.00      0.00      0.00      1662
           5       0.07      0.34      0.11       870
           6       0.00      0.00      0.00        14
           7       0.00      0.00      0.00         5

    accuracy                           0.32     58038
   macro avg       0.26      0.18      0.11     58038
weighted avg       0.66      0.32      0.31     58038

[2022-05-28 02:22:56,173]: ==============================PER==============================
[2022-05-28 02:22:56,296]: Length of x_train: 174111
[2022-05-28 02:22:56,297]: Length of y_train: 174111
[2022-05-28 02:22:56,297]: Length of x_test:  58038
[2022-05-28 02:22:56,297]: Length of y_test:  58038
[2022-05-28 02:22:57,114]: [2 2 2 ... 1 2 1]
[2022-05-28 02:22:57,149]: score: 0.2834005306867914
[2022-05-28 02:22:57,240]: [[ 8441   453 22492     0     3   164     4   530     0]
 [   83   633 10121     0     1   122     5   289     0]
 [    5  2027  7280     1     9    87     2   134     0]
 [    0   738  1602     0     7    84     0    29     0]
 [    0   601  1035     2     5   126     0    17     0]
 [    3   335   443     7     6    87     0    12     0]
 [    0     3     4     0     0     2     0     1     0]
 [    0     0     0     0     0     0     0     2     0]
 [    0     0     0     0     0     1     0     0     0]]
[2022-05-28 02:22:57,362]:               precision    recall  f1-score   support

           0       0.99      0.26      0.42     32087
           1       0.13      0.06      0.08     11254
           2       0.17      0.76      0.28      9545
           3       0.00      0.00      0.00      2460
           4       0.16      0.00      0.01      1786
           5       0.13      0.10      0.11       893
           6       0.00      0.00      0.00        10
           7       0.00      1.00      0.00         2
           8       0.00      0.00      0.00         1

    accuracy                           0.28     58038
   macro avg       0.18      0.24      0.10     58038
weighted avg       0.61      0.28      0.29     58038

[2022-05-28 02:22:57,486]: Length of x_train: 174111
[2022-05-28 02:22:57,486]: Length of y_train: 174111
[2022-05-28 02:22:57,486]: Length of x_test:  58038
[2022-05-28 02:22:57,486]: Length of y_test:  58038
[2022-05-28 02:22:58,273]: [0 1 0 ... 1 1 1]
[2022-05-28 02:22:58,307]: score: 0.35907508873496674
[2022-05-28 02:22:58,398]: [[10193 20142   157   165    47  1582     0     6     0]
 [   99  9164    42   646   238   877     0     6     0]
 [    7  5458    13  2924   802   428     0     8     0]
 [    3   960     1  1099   314    64     0     3     0]
 [    0   560     0   757   352    41     0     1     0]
 [    0   209     0   353   283    19     0     0     0]
 [    0     7     0     2     3     0     0     0     0]
 [    0     0     0     0     1     0     0     0     0]
 [    0     0     0     0     2     0     0     0     0]]
[2022-05-28 02:22:58,547]:               precision    recall  f1-score   support

           0       0.99      0.32      0.48     32292
           1       0.25      0.83      0.39     11072
           2       0.06      0.00      0.00      9640
           3       0.18      0.45      0.26      2444
           4       0.17      0.21      0.19      1711
           5       0.01      0.02      0.01       864
           6       0.00      0.00      0.00        12
           7       0.00      0.00      0.00         1
           8       0.00      0.00      0.00         2

    accuracy                           0.36     58038
   macro avg       0.19      0.20      0.15     58038
weighted avg       0.62      0.36      0.36     58038

[2022-05-28 02:22:58,664]: Length of x_train: 174111
[2022-05-28 02:22:58,664]: Length of y_train: 174111
[2022-05-28 02:22:58,664]: Length of x_test:  58038
[2022-05-28 02:22:58,664]: Length of y_test:  58038
[2022-05-28 02:22:59,443]: [3 3 3 ... 0 3 3]
[2022-05-28 02:22:59,471]: score: 0.23796478169475171
[2022-05-28 02:22:59,554]: [[11309    25    26 14486     0  6211    64    20     1]
 [  552    64    67  8115     0  2262    19     7     0]
 [  123    40    48  8759     0   597     9     5     0]
 [  109     8    11  2373     0    63     1     1     0]
 [  168     6     5  1581     0    30     0     2     0]
 [  100     0     5   733     0    16     0     5     0]
 [    0     0     0     6     0     0     0     2     0]
 [    2     0     0     1     0     0     0     1     0]
 [    0     0     0     0     0     0     0     0     0]]
[2022-05-28 02:22:59,701]:               precision    recall  f1-score   support

           0       0.91      0.35      0.51     32142
           1       0.45      0.01      0.01     11086
           2       0.30      0.01      0.01      9581
           3       0.07      0.92      0.12      2566
           4       0.00      0.00      0.00      1792
           5       0.00      0.02      0.00       859
           6       0.00      0.00      0.00         8
           7       0.02      0.25      0.04         4
           8       0.00      0.00      0.00         0

    accuracy                           0.24     58038
   macro avg       0.19      0.17      0.08     58038
weighted avg       0.64      0.24      0.29     58038

[2022-05-28 02:22:59,813]: Length of x_train: 174111
[2022-05-28 02:22:59,814]: Length of y_train: 174111
[2022-05-28 02:22:59,814]: Length of x_test:  58038
[2022-05-28 02:22:59,814]: Length of y_test:  58038
[2022-05-28 02:23:00,617]: [0 5 2 ... 0 0 2]
[2022-05-28 02:23:00,647]: score: 0.33316103242703055
[2022-05-28 02:23:00,750]: [[15975    19 14632   218    48  1328     1    27]
 [ 1610    18  6789  1165    68  1360     2    12]
 [  864    14  1945  3133    93  3577     0     6]
 [  124     1   241   783    22  1382     1     2]
 [   68     1    84   503    19  1044     0     1]
 [   20     0    47   162    14   594     0     2]
 [    1     0     1     1     0    11     0     0]
 [    0     0     0     0     0     3     0     2]]
[2022-05-28 02:23:00,888]:               precision    recall  f1-score   support

           0       0.86      0.50      0.63     32248
           1       0.34      0.00      0.00     11024
           2       0.08      0.20      0.12      9632
           3       0.13      0.31      0.18      2556
           4       0.07      0.01      0.02      1720
           5       0.06      0.71      0.12       839
           6       0.00      0.00      0.00        14
           7       0.04      0.40      0.07         5

    accuracy                           0.33     58038
   macro avg       0.20      0.27      0.14     58038
weighted avg       0.56      0.33      0.38     58038

[2022-05-28 02:23:01,000]: Length of x_train: 174111
[2022-05-28 02:23:01,001]: Length of y_train: 174111
[2022-05-28 02:23:01,001]: Length of x_test:  58038
[2022-05-28 02:23:01,001]: Length of y_test:  58038
[2022-05-28 02:23:01,776]: [0 0 1 ... 1 0 1]
[2022-05-28 02:23:01,808]: score: 0.3799924187601227
[2022-05-28 02:23:01,916]: [[10100 18332  1784   162     0  1911     0    16     0]
 [   72  8227  1209    91     0  1360     0     6     0]
 [    3  4827  3321   210     0  1062     0     6     0]
 [    3   922  1189    55     0   447     0     2     0]
 [    0   525   774    37     0   499     0     1     0]
 [    1   201   302    14     0   351     0     0     0]
 [    0     4     3     0     0     4     0     0     0]
 [    0     1     0     0     0     3     0     0     0]
 [    0     0     0     0     0     1     0     0     0]]
[2022-05-28 02:23:02,049]:               precision    recall  f1-score   support

           0       0.99      0.31      0.48     32305
           1       0.25      0.75      0.37     10965
           2       0.39      0.35      0.37      9429
           3       0.10      0.02      0.03      2618
           4       0.00      0.00      0.00      1836
           5       0.06      0.40      0.11       869
           6       0.00      0.00      0.00        11
           7       0.00      0.00      0.00         4
           8       0.00      0.00      0.00         1

    accuracy                           0.38     58038
   macro avg       0.20      0.20      0.15     58038
weighted avg       0.67      0.38      0.40     58038

[2022-05-28 02:23:02,164]: Length of x_train: 174111
[2022-05-28 02:23:02,164]: Length of y_train: 174111
[2022-05-28 02:23:02,165]: Length of x_test:  58038
[2022-05-28 02:23:02,165]: Length of y_test:  58038
[2022-05-28 02:23:02,942]: [1 1 2 ... 1 2 1]
[2022-05-28 02:23:02,974]: score: 0.416313449808746
[2022-05-28 02:23:03,056]: [[ 9607 19923  1829   751     0     5     1     7]
 [   33  7950  2552   481     0     6     1     4]
 [    3  2806  6516   386     0     1     0     6]
 [    0   424  1962    87     0     0     0     2]
 [    0   353  1344    83     1     1     0     3]
 [    0   223   599    71     0     1     0     0]
 [    0     5     4     0     0     1     0     0]
 [    0     3     1     0     0     2     0     0]]
[2022-05-28 02:23:03,203]:               precision    recall  f1-score   support

           0       1.00      0.30      0.46     32123
           1       0.25      0.72      0.37     11027
           2       0.44      0.67      0.53      9718
           3       0.05      0.04      0.04      2475
           4       1.00      0.00      0.00      1785
           5       0.06      0.00      0.00       894
           6       0.00      0.00      0.00        10
           7       0.00      0.00      0.00         6

    accuracy                           0.42     58038
   macro avg       0.35      0.22      0.18     58038
weighted avg       0.71      0.42      0.42     58038

[2022-05-28 02:23:03,315]: Length of x_train: 174111
[2022-05-28 02:23:03,315]: Length of y_train: 174111
[2022-05-28 02:23:03,316]: Length of x_test:  58038
[2022-05-28 02:23:03,316]: Length of y_test:  58038
[2022-05-28 02:23:04,110]: [3 0 1 ... 4 4 0]
[2022-05-28 02:23:04,142]: score: 0.2510251903925015
[2022-05-28 02:23:04,232]: [[ 9466 11643   486  5666  5115     7     1    24     1]
 [   39  3319   393  2330  5030     3     1     9     0]
 [    4   867    78   645  7838     5     0     3     0]
 [    1    84     1    81  2275     1     0     2     0]
 [    0    42     3    48  1622     2     1     0     0]
 [    1    14     0    20   846     3     0     0     0]
 [    0     0     0     1    13     0     0     0     0]
 [    0     0     0     0     3     0     0     0     0]
 [    0     0     0     0     1     0     0     0     0]]
[2022-05-28 02:23:04,379]:               precision    recall  f1-score   support

           0       1.00      0.29      0.45     32409
           1       0.21      0.30      0.25     11124
           2       0.08      0.01      0.01      9440
           3       0.01      0.03      0.01      2445
           4       0.07      0.94      0.13      1718
           5       0.14      0.00      0.01       884
           6       0.00      0.00      0.00        14
           7       0.00      0.00      0.00         3
           8       0.00      0.00      0.00         1

    accuracy                           0.25     58038
   macro avg       0.17      0.18      0.10     58038
weighted avg       0.61      0.25      0.31     58038

[2022-05-28 02:23:04,497]: Length of x_train: 174111
[2022-05-28 02:23:04,498]: Length of y_train: 174111
[2022-05-28 02:23:04,498]: Length of x_test:  58038
[2022-05-28 02:23:04,498]: Length of y_test:  58038
[2022-05-28 02:23:05,310]: [0 3 4 ... 0 4 5]
[2022-05-28 02:23:05,342]: score: 0.4676591198869706
[2022-05-28 02:23:05,457]: [[19850  1059   426  2135  5595  3231     0     3     0]
 [ 2911   581  1923   927  2503  2184     0     0     0]
 [  641   170  6282   311  1133  1044     0     0     0]
 [   73    11  1901    46   262   178     0     0     0]
 [   21     9  1301    21   300   133     0     1     0]
 [   11     4   530    11   217    83     0     0     0]
 [    1     0     3     0     4     4     0     0     0]
 [    1     0     0     0     1     1     0     0     0]
 [    0     0     0     0     1     0     0     0     0]]
[2022-05-28 02:23:05,610]:               precision    recall  f1-score   support

           0       0.84      0.61      0.71     32299
           1       0.32      0.05      0.09     11029
           2       0.51      0.66      0.57      9581
           3       0.01      0.02      0.02      2471
           4       0.03      0.17      0.05      1786
           5       0.01      0.10      0.02       856
           6       0.00      0.00      0.00        12
           7       0.00      0.00      0.00         3
           8       0.00      0.00      0.00         1

    accuracy                           0.47     58038
   macro avg       0.19      0.18      0.16     58038
weighted avg       0.62      0.47      0.51     58038

[2022-05-28 02:23:05,733]: Length of x_train: 174111
[2022-05-28 02:23:05,733]: Length of y_train: 174111
[2022-05-28 02:23:05,733]: Length of x_test:  58038
[2022-05-28 02:23:05,733]: Length of y_test:  58038
[2022-05-28 02:23:06,540]: [3 3 3 ... 0 0 5]
[2022-05-28 02:23:06,571]: score: 0.2949446914090768
[2022-05-28 02:23:06,665]: [[12224  5834     0  4934    39  9045     0    79]
 [  621  2726     0  3780   110  3897     0    17]
 [  502   749     0  7114   189  1064     0    13]
 [   76    97     0  2122    27   137     0     2]
 [   59    53     0  1552    16    81     0     2]
 [   30    26     0   754    18    30     0     0]
 [    0     2     0     9     0     2     0     0]
 [    0     0     0     4     0     2     0     0]]
[2022-05-28 02:23:06,808]:               precision    recall  f1-score   support

           0       0.90      0.38      0.54     32155
           1       0.29      0.24      0.26     11151
           2       0.00      0.00      0.00      9631
           3       0.10      0.86      0.19      2461
           4       0.04      0.01      0.01      1763
           5       0.00      0.03      0.00       858
           6       0.00      0.00      0.00        13
           7       0.00      0.00      0.00         6

    accuracy                           0.29     58038
   macro avg       0.17      0.19      0.13     58038
weighted avg       0.56      0.29      0.36     58038

[2022-05-28 02:23:06,920]: Length of x_train: 174111
[2022-05-28 02:23:06,921]: Length of y_train: 174111
[2022-05-28 02:23:06,921]: Length of x_test:  58038
[2022-05-28 02:23:06,921]: Length of y_test:  58038
[2022-05-28 02:23:07,706]: [0 1 1 ... 1 0 1]
[2022-05-28 02:23:07,741]: score: 0.4337158413453255
[2022-05-28 02:23:07,834]: [[14775  7963   977  8375    38     1     0    19     0]
 [ 1039  3122  2767  4252    17     2     0     3     0]
 [  206   744  7033  1367    50     0     0     6     0]
 [   16   161  2113   187    35     0     0     2     0]
 [    3   245  1414   121    55     0     0     2     0]
 [    4   212   591    59    43     0     0     2     0]
 [    0     5     5     1     3     0     0     0     0]
 [    0     2     0     0     0     0     0     0     0]
 [    0     0     0     0     1     0     0     0     0]]
[2022-05-28 02:23:07,992]:               precision    recall  f1-score   support

           0       0.92      0.46      0.61     32148
           1       0.25      0.28      0.26     11202
           2       0.47      0.75      0.58      9406
           3       0.01      0.07      0.02      2514
           4       0.23      0.03      0.05      1840
           5       0.00      0.00      0.00       911
           6       0.00      0.00      0.00        14
           7       0.00      0.00      0.00         2
           8       0.00      0.00      0.00         1

    accuracy                           0.43     58038
   macro avg       0.21      0.18      0.17     58038
weighted avg       0.64      0.43      0.49     58038

[2022-05-28 02:23:08,010]: ==============================SGD==============================
[2022-05-28 02:23:08,127]: Length of x_train: 174111
[2022-05-28 02:23:08,128]: Length of y_train: 174111
[2022-05-28 02:23:08,128]: Length of x_test:  58038
[2022-05-28 02:23:08,128]: Length of y_test:  58038
[2022-05-28 02:23:09,120]: [2 0 0 ... 1 0 0]
[2022-05-28 02:23:09,150]: score: 0.6942175815844791
[2022-05-28 02:23:09,245]: [[30419   673   452    58   722     4     0     0     0]
 [  880  6585   952   130  2439     4     0     1     1]
 [   13  4357  2276  1057  1785     1     0     0     0]
 [    4   735   740   564   519     1     1     0     0]
 [    3   375   493   451   445     2     3     1     0]
 [    1   145   189   231   301     2     4     0     0]
 [    0     4     1     3     4     0     0     0     0]
 [    0     1     0     1     2     0     1     0     0]
 [    0     0     0     1     1     0     0     0     0]]
[2022-05-28 02:23:09,391]:               precision    recall  f1-score   support

           0       0.97      0.94      0.96     32328
           1       0.51      0.60      0.55     10992
           2       0.45      0.24      0.31      9489
           3       0.23      0.22      0.22      2564
           4       0.07      0.25      0.11      1773
           5       0.14      0.00      0.00       873
           6       0.00      0.00      0.00        12
           7       0.00      0.00      0.00         5
           8       0.00      0.00      0.00         2

    accuracy                           0.69     58038
   macro avg       0.26      0.25      0.24     58038
weighted avg       0.73      0.69      0.70     58038

[2022-05-28 02:23:09,503]: Length of x_train: 174111
[2022-05-28 02:23:09,503]: Length of y_train: 174111
[2022-05-28 02:23:09,503]: Length of x_test:  58038
[2022-05-28 02:23:09,503]: Length of y_test:  58038
[2022-05-28 02:23:10,477]: [1 2 2 ... 0 2 1]
[2022-05-28 02:23:10,508]: score: 0.5846686653571798
[2022-05-28 02:23:10,613]: [[25800  3514  2982     1    22     0     0     0     0]
 [  581  7218  3203     1    11     0     0     0     0]
 [   77  8467   908     2    11     0     0     0     0]
 [   13  2376   143     1     8     0     0     0     0]
 [    3  1659   106     0     6     0     0     0     0]
 [    3   838    63     0     1     0     0     0     0]
 [    0     9     4     0     0     0     0     0     0]
 [    0     5     0     0     0     0     0     0     0]
 [    0     1     1     0     0     0     0     0     0]]
[2022-05-28 02:23:10,751]:               precision    recall  f1-score   support

           0       0.97      0.80      0.88     32319
           1       0.30      0.66      0.41     11014
           2       0.12      0.10      0.11      9465
           3       0.20      0.00      0.00      2541
           4       0.10      0.00      0.01      1774
           5       0.00      0.00      0.00       905
           6       0.00      0.00      0.00        13
           7       0.00      0.00      0.00         5
           8       0.00      0.00      0.00         2

    accuracy                           0.58     58038
   macro avg       0.19      0.17      0.16     58038
weighted avg       0.63      0.58      0.58     58038

[2022-05-28 02:23:10,865]: Length of x_train: 174111
[2022-05-28 02:23:10,866]: Length of y_train: 174111
[2022-05-28 02:23:10,866]: Length of x_test:  58038
[2022-05-28 02:23:10,866]: Length of y_test:  58038
[2022-05-28 02:23:11,848]: [0 0 2 ... 0 0 2]
[2022-05-28 02:23:11,881]: score: 0.6988524759640236
[2022-05-28 02:23:11,979]: [[28189  3223    67    30   440   113    24     3     0]
 [  949  8004   613    52   962   395    92     6     0]
 [   60  4901  4124   121   262   177     0     0     0]
 [    7   872  1522    44    22   117     0     0     0]
 [    2   448  1023    46    17   214     0     0     0]
 [    2   181   453    41    19   182     0     2     0]
 [    1     2     3     1     0     2     0     0     0]
 [    0     1     1     0     0     3     0     0     0]
 [    0     0     0     0     1     2     0     0     0]]
[2022-05-28 02:23:12,128]:               precision    recall  f1-score   support

           0       0.97      0.88      0.92     32089
           1       0.45      0.72      0.56     11073
           2       0.53      0.43      0.47      9645
           3       0.13      0.02      0.03      2584
           4       0.01      0.01      0.01      1750
           5       0.15      0.21      0.17       880
           6       0.00      0.00      0.00         9
           7       0.00      0.00      0.00         5
           8       0.00      0.00      0.00         3

    accuracy                           0.70     58038
   macro avg       0.25      0.25      0.24     58038
weighted avg       0.72      0.70      0.70     58038

[2022-05-28 02:23:12,245]: Length of x_train: 174111
[2022-05-28 02:23:12,245]: Length of y_train: 174111
[2022-05-28 02:23:12,245]: Length of x_test:  58038
[2022-05-28 02:23:12,245]: Length of y_test:  58038
[2022-05-28 02:23:13,286]: [5 0 0 ... 0 2 0]
[2022-05-28 02:23:13,324]: score: 0.6023122781625831
[2022-05-28 02:23:13,414]: [[31778    55    58    28    27   179     3     0     7]
 [ 7305  1060   609   355    29  1774    24     0     1]
 [  990   558  1029  1219     8  5671    49     2     0]
 [  104    59   118   403     3  1792    15     0     0]
 [   52    21    69   285     1  1379     8     0     0]
 [   14    14    31   145     1   686     4     0     0]
 [    0     1     1     2     0     7     0     0     0]
 [    0     1     0     1     0     2     0     0     0]
 [    0     0     0     0     0     1     0     0     0]]
[2022-05-28 02:23:13,555]:               precision    recall  f1-score   support

           0       0.79      0.99      0.88     32135
           1       0.60      0.10      0.16     11157
           2       0.54      0.11      0.18      9526
           3       0.17      0.16      0.16      2494
           4       0.01      0.00      0.00      1815
           5       0.06      0.77      0.11       895
           6       0.00      0.00      0.00        11
           7       0.00      0.00      0.00         4
           8       0.00      0.00      0.00         1

    accuracy                           0.60     58038
   macro avg       0.24      0.24      0.17     58038
weighted avg       0.65      0.60      0.56     58038

[2022-05-28 02:23:13,667]: Length of x_train: 174111
[2022-05-28 02:23:13,667]: Length of y_train: 174111
[2022-05-28 02:23:13,667]: Length of x_test:  58038
[2022-05-28 02:23:13,667]: Length of y_test:  58038
[2022-05-28 02:23:14,667]: [3 0 0 ... 0 0 0]
[2022-05-28 02:23:14,697]: score: 0.6066198008201523
[2022-05-28 02:23:14,798]: [[31609   133    61   165   151   110    69     1     0]
 [ 8521   369   432  1164   369    70   137     0     0]
 [ 2342   567  1448  4992   108    69    63     0     0]
 [  241   126   322  1687    22    69    11     0     0]
 [  120    79   183  1196    31   107    17     1     0]
 [   54    39    47   616    30    63    13     0     0]
 [    1     1     1     3     1     4     0     0     0]
 [    0     0     0     1     1     0     0     0     0]
 [    0     0     0     1     0     0     0     0     0]]
[2022-05-28 02:23:14,935]:               precision    recall  f1-score   support

           0       0.74      0.98      0.84     32299
           1       0.28      0.03      0.06     11062
           2       0.58      0.15      0.24      9589
           3       0.17      0.68      0.27      2478
           4       0.04      0.02      0.03      1734
           5       0.13      0.07      0.09       862
           6       0.00      0.00      0.00        11
           7       0.00      0.00      0.00         2
           8       0.00      0.00      0.00         1

    accuracy                           0.61     58038
   macro avg       0.22      0.21      0.17     58038
weighted avg       0.57      0.61      0.53     58038

[2022-05-28 02:23:15,050]: Length of x_train: 174111
[2022-05-28 02:23:15,051]: Length of y_train: 174111
[2022-05-28 02:23:15,051]: Length of x_test:  58038
[2022-05-28 02:23:15,051]: Length of y_test:  58038
[2022-05-28 02:23:16,153]: [1 0 0 ... 0 0 2]
[2022-05-28 02:23:16,189]: score: 0.648075398876598
[2022-05-28 02:23:16,282]: [[30835   626    21    23   377   255   142     2     0]
 [ 6749  2818   669    37   560   106    53     4     0]
 [ 1795  3591  3868    62    97   109     0     0     0]
 [  192   767  1475     8    12    90     1     0     0]
 [   85   439  1130     6    24   112     0     0     0]
 [   30   167   606     2    15    60     0     0     0]
 [    1     1    10     0     1     2     0     0     0]
 [    0     0     1     0     0     0     0     0     0]
 [    0     0     2     0     0     0     0     0     0]]
[2022-05-28 02:23:16,432]:               precision    recall  f1-score   support

           0       0.78      0.96      0.86     32281
           1       0.34      0.26      0.29     10996
           2       0.50      0.41      0.45      9522
           3       0.06      0.00      0.01      2545
           4       0.02      0.01      0.02      1796
           5       0.08      0.07      0.07       880
           6       0.00      0.00      0.00        15
           7       0.00      0.00      0.00         1
           8       0.00      0.00      0.00         2

    accuracy                           0.65     58038
   macro avg       0.20      0.19      0.19     58038
weighted avg       0.58      0.65      0.61     58038

[2022-05-28 02:23:16,547]: Length of x_train: 174111
[2022-05-28 02:23:16,547]: Length of y_train: 174111
[2022-05-28 02:23:16,547]: Length of x_test:  58038
[2022-05-28 02:23:16,547]: Length of y_test:  58038
[2022-05-28 02:23:17,531]: [0 0 2 ... 1 0 4]
[2022-05-28 02:23:17,564]: score: 0.7118439642992522
[2022-05-28 02:23:17,658]: [[31082   682    28   118   177    14    27     0]
 [ 2288  6705   627   453   635   104   344     1]
 [   18  3009  2233   871  3008   266   104     0]
 [    5   392   546   318  1199    74    15     1]
 [    0   208   372   219   946    56     4     1]
 [    0    80   153    96   509    30     1     0]
 [    1     0     3     5     5     1     0     0]
 [    0     0     0     0     4     0     0     0]]
[2022-05-28 02:23:17,815]:               precision    recall  f1-score   support

           0       0.93      0.97      0.95     32128
           1       0.61      0.60      0.60     11157
           2       0.56      0.23      0.33      9509
           3       0.15      0.12      0.14      2550
           4       0.15      0.52      0.23      1806
           5       0.06      0.03      0.04       869
           6       0.00      0.00      0.00        15
           7       0.00      0.00      0.00         4

    accuracy                           0.71     58038
   macro avg       0.31      0.31      0.29     58038
weighted avg       0.74      0.71      0.71     58038

[2022-05-28 02:23:17,928]: Length of x_train: 174111
[2022-05-28 02:23:17,928]: Length of y_train: 174111
[2022-05-28 02:23:17,928]: Length of x_test:  58038
[2022-05-28 02:23:17,928]: Length of y_test:  58038
[2022-05-28 02:23:18,918]: [0 0 0 ... 0 0 0]
[2022-05-28 02:23:18,952]: score: 0.7193907439953134
[2022-05-28 02:23:19,040]: [[31174   461   657     0    14     0     1     0     0]
 [ 4428  3366  2825     1   403     1     3     0     0]
 [  637  1533  7196     0   177     2     0     0     0]
 [   48   192  2226     0    37     0     0     0     0]
 [   17    79  1632     1    15     0     0     0     0]
 [   13    49   822     0    13     1     0     0     0]
 [    0     2     6     0     0     0     0     0     0]
 [    0     0     5     0     0     0     0     0     0]
 [    0     0     1     0     0     0     0     0     0]]
[2022-05-28 02:23:19,183]:               precision    recall  f1-score   support

           0       0.86      0.96      0.91     32307
           1       0.59      0.31      0.40     11027
           2       0.47      0.75      0.58      9545
           3       0.00      0.00      0.00      2503
           4       0.02      0.01      0.01      1744
           5       0.25      0.00      0.00       898
           6       0.00      0.00      0.00         8
           7       0.00      0.00      0.00         5
           8       0.00      0.00      0.00         1

    accuracy                           0.72     58038
   macro avg       0.24      0.23      0.21     58038
weighted avg       0.67      0.72      0.68     58038

[2022-05-28 02:23:19,298]: Length of x_train: 174111
[2022-05-28 02:23:19,299]: Length of y_train: 174111
[2022-05-28 02:23:19,299]: Length of x_test:  58038
[2022-05-28 02:23:19,299]: Length of y_test:  58038
[2022-05-28 02:23:20,268]: [0 6 0 ... 0 0 0]
[2022-05-28 02:23:20,299]: score: 0.633067989937627
[2022-05-28 02:23:20,386]: [[30131   592   976    57   324    42   220     1     1]
 [ 1081  4887   904   110  2449   396  1060     8     0]
 [   43  2722   289   351  5594   402   280     5     0]
 [   12   361    33    81  1819    92   104     3     1]
 [   23   176    15    41  1242   144   102     0     0]
 [   10    71     9    14   567   112    66     0     0]
 [    1     2     0     0     9     1     0     0     0]
 [    0     0     0     0     1     1     0     0     0]
 [    0     0     0     0     0     0     0     0     0]]
[2022-05-28 02:23:20,540]:               precision    recall  f1-score   support

           0       0.96      0.93      0.95     32344
           1       0.55      0.45      0.50     10895
           2       0.13      0.03      0.05      9686
           3       0.12      0.03      0.05      2506
           4       0.10      0.71      0.18      1743
           5       0.09      0.13      0.11       849
           6       0.00      0.00      0.00        13
           7       0.00      0.00      0.00         2
           8       0.00      0.00      0.00         0

    accuracy                           0.63     58038
   macro avg       0.22      0.25      0.20     58038
weighted avg       0.67      0.63      0.64     58038

[2022-05-28 02:23:20,649]: Length of x_train: 174111
[2022-05-28 02:23:20,649]: Length of y_train: 174111
[2022-05-28 02:23:20,649]: Length of x_test:  58038
[2022-05-28 02:23:20,649]: Length of y_test:  58038
[2022-05-28 02:23:21,637]: [0 5 2 ... 2 0 0]
[2022-05-28 02:23:21,666]: score: 0.686860332885351
[2022-05-28 02:23:21,762]: [[28919  1188  1130    37   184   553   372     0     0]
 [ 2730  3902  3470    10   212   343   306     0     0]
 [  946  1643  6814     3    64    32     1     0     0]
 [  197   215  1990     0    35    86     2     0     0]
 [  128   106  1299     0    74   144     4     0     0]
 [   67    61   512     0    88   155     5     0     0]
 [    1     1     1     0     1     4     0     0     0]
 [    0     0     0     0     0     2     0     0     0]
 [    0     0     0     0     0     1     0     0     0]]
[2022-05-28 02:23:21,911]:               precision    recall  f1-score   support

           0       0.88      0.89      0.88     32383
           1       0.55      0.36      0.43     10973
           2       0.45      0.72      0.55      9503
           3       0.00      0.00      0.00      2525
           4       0.11      0.04      0.06      1755
           5       0.12      0.17      0.14       888
           6       0.00      0.00      0.00         8
           7       0.00      0.00      0.00         2
           8       0.00      0.00      0.00         1

    accuracy                           0.69     58038
   macro avg       0.23      0.24      0.23     58038
weighted avg       0.67      0.69      0.67     58038

[2022-05-28 02:23:21,927]: ==============================PAC==============================
[2022-05-28 02:40:55,150]: Length of x_train: 174111
[2022-05-28 02:40:55,150]: Length of y_train: 174111
[2022-05-28 02:40:55,150]: Length of x_test:  58038
[2022-05-28 02:40:55,150]: Length of y_test:  58038
[2022-05-28 15:42:23,422]: (30507, 45)
[2022-05-28 15:42:23,851]:                       uid  credit_level  ...  total_fee  rem_fee
0      110227197010069123            70  ...        0.0      0.0
1      120105197107219624            60  ...        0.0      0.0
2      120109198902030396            60  ...        0.0      0.0
3      130228197404090996            60  ...        0.0      0.0
4      13032219770727989X            60  ...        0.0      0.0
...                   ...           ...  ...        ...      ...
30502  654123198611223715            60  ...        0.0      0.0
30503  654123199102253734            60  ...        0.0      0.0
30504  654323197108173972            85  ...        0.0      0.0
30505  654324198004269794            60  ...        0.0      0.0
30506  654326198608203393            60  ...        0.0      0.0

[30507 rows x 45 columns]
[2022-05-28 15:42:26,055]: (7802, 45)
[2022-05-28 15:42:26,148]:                      uid  credit_level  Unnamed: 0  ...  rem_ppl total_fee rem_fee
0     120101199105225792            -1         0.0  ...      0.0       0.0     0.0
1     130501196802197926            -1         0.0  ...      0.0       0.0     0.0
2     130705198202069280            -1         6.0  ...      0.0       0.0     0.0
3     13090119630401552X            -1        12.0  ...      0.0       0.0     0.0
4     130924199307024278            -1        13.0  ...      0.0       0.0     0.0
...                  ...           ...         ...  ...      ...       ...     ...
7797  62272319900829552X            -1     19311.0  ...      0.0       0.0     0.0
7798  622824197702099441            -1     19313.0  ...      0.0       0.0     0.0
7799  622826198606219420            -1     19314.0  ...      0.0       0.0     0.0
7800  650203199311021696            -1     19321.0  ...      0.0       0.0     0.0
7801  653127199405249649            -1     19324.0  ...      0.0       0.0     0.0

[7802 rows x 45 columns]
[2022-05-28 15:42:29,115]: [[0.0000000e+00 0.0000000e+00 0.0000000e+00 ... 0.0000000e+00
  0.0000000e+00 0.0000000e+00]
 [0.0000000e+00 1.0000000e+00 3.0000000e+05 ... 0.0000000e+00
  0.0000000e+00 0.0000000e+00]
 [1.0000000e+00 1.0000000e+00 1.5000000e+05 ... 0.0000000e+00
  0.0000000e+00 0.0000000e+00]
 ...
 [1.9314000e+04 1.0000000e+00 5.4553676e+05 ... 1.0000000e+00
  0.0000000e+00 0.0000000e+00]
 [1.9321000e+04 1.0000000e+00 7.0000000e+04 ... 0.0000000e+00
  0.0000000e+00 0.0000000e+00]
 [1.9324000e+04 1.0000000e+00 1.7370700e+05 ... 0.0000000e+00
  0.0000000e+00 0.0000000e+00]]
[2022-05-28 15:42:29,118]: [3 2 2 ... 4 2 2]
[2022-05-28 15:43:09,926]: Length of x_train: 174111
[2022-05-28 15:43:09,926]: Length of y_train: 174111
[2022-05-28 15:43:09,926]: Length of x_test:  58038
[2022-05-28 15:43:09,927]: Length of y_test:  58038
[2022-05-28 16:07:39,825]: Length of x_train: 22880
[2022-05-28 16:07:39,825]: Length of y_train: 22880
[2022-05-28 16:07:39,826]: Length of x_test:  7627
[2022-05-28 16:07:39,826]: Length of y_test:  7627
[2022-05-28 16:12:17,889]: [2 2 2 ... 2 2 2]
[2022-05-28 16:12:17,903]: score: 0.6163629212009964
[2022-05-28 16:12:17,937]: [[   0    0    2    0    0]
 [   0    0   18    1    0]
 [   0    1 4665   69    0]
 [   0    1 1913   34    1]
 [   0    1  906   13    2]]
[2022-05-28 16:12:17,974]:               precision    recall  f1-score   support

           0       0.00      0.00      0.00         2
           1       0.00      0.00      0.00        19
           2       0.62      0.99      0.76      4735
           3       0.29      0.02      0.03      1949
           4       0.67      0.00      0.00       922

    accuracy                           0.62      7627
   macro avg       0.32      0.20      0.16      7627
weighted avg       0.54      0.62      0.48      7627

[2022-05-28 16:45:28,066]: Length of x_train: 174111
[2022-05-28 16:45:28,066]: Length of y_train: 174111
[2022-05-28 16:45:28,066]: Length of x_test:  58038
[2022-05-28 16:45:28,066]: Length of y_test:  58038
[2022-05-28 16:45:28,066]: ==================================================vote==================================================
